Determining if the function sgemm_ exists failed with the following output:
Change Dir: /home/specimen49/illixr/ILLIXR_zed_pr/ILLIXR/zed/zed-opencv/cpp/build/CMakeFiles/CMakeTmp

Run Build Command(s):/usr/bin/make cmTC_66506/fast && make[2]: Entering directory '/home/specimen49/illixr/ILLIXR_zed_pr/ILLIXR/zed/zed-opencv/cpp/build/CMakeFiles/CMakeTmp'
/usr/bin/make  -f CMakeFiles/cmTC_66506.dir/build.make CMakeFiles/cmTC_66506.dir/build
make[3]: Entering directory '/home/specimen49/illixr/ILLIXR_zed_pr/ILLIXR/zed/zed-opencv/cpp/build/CMakeFiles/CMakeTmp'
Building C object CMakeFiles/cmTC_66506.dir/CheckFunctionExists.c.o
/usr/bin/cc   -DCHECK_FUNCTION_EXISTS=sgemm_   -o CMakeFiles/cmTC_66506.dir/CheckFunctionExists.c.o   -c /usr/share/cmake-3.17/Modules/CheckFunctionExists.c
Linking C executable cmTC_66506
/usr/bin/cmake -E cmake_link_script CMakeFiles/cmTC_66506.dir/link.txt --verbose=1
/usr/bin/cc  -DCHECK_FUNCTION_EXISTS=sgemm_    -rdynamic CMakeFiles/cmTC_66506.dir/CheckFunctionExists.c.o  -o cmTC_66506 
CMakeFiles/cmTC_66506.dir/CheckFunctionExists.c.o: In function `main':
CheckFunctionExists.c:(.text+0x10): undefined reference to `sgemm_'
collect2: error: ld returned 1 exit status
CMakeFiles/cmTC_66506.dir/build.make:106: recipe for target 'cmTC_66506' failed
make[3]: *** [cmTC_66506] Error 1
make[3]: Leaving directory '/home/specimen49/illixr/ILLIXR_zed_pr/ILLIXR/zed/zed-opencv/cpp/build/CMakeFiles/CMakeTmp'
Makefile:141: recipe for target 'cmTC_66506/fast' failed
make[2]: *** [cmTC_66506/fast] Error 2
make[2]: Leaving directory '/home/specimen49/illixr/ILLIXR_zed_pr/ILLIXR/zed/zed-opencv/cpp/build/CMakeFiles/CMakeTmp'



Performing C SOURCE FILE Test CMAKE_HAVE_LIBC_PTHREAD failed with the following output:
Change Dir: /home/specimen49/illixr/ILLIXR_zed_pr/ILLIXR/zed/zed-opencv/cpp/build/CMakeFiles/CMakeTmp

Run Build Command(s):/usr/bin/make cmTC_2e52f/fast && make[2]: Entering directory '/home/specimen49/illixr/ILLIXR_zed_pr/ILLIXR/zed/zed-opencv/cpp/build/CMakeFiles/CMakeTmp'
/usr/bin/make  -f CMakeFiles/cmTC_2e52f.dir/build.make CMakeFiles/cmTC_2e52f.dir/build
make[3]: Entering directory '/home/specimen49/illixr/ILLIXR_zed_pr/ILLIXR/zed/zed-opencv/cpp/build/CMakeFiles/CMakeTmp'
Building C object CMakeFiles/cmTC_2e52f.dir/src.c.o
/usr/bin/cc   -DCMAKE_HAVE_LIBC_PTHREAD   -o CMakeFiles/cmTC_2e52f.dir/src.c.o   -c /home/specimen49/illixr/ILLIXR_zed_pr/ILLIXR/zed/zed-opencv/cpp/build/CMakeFiles/CMakeTmp/src.c
Linking C executable cmTC_2e52f
/usr/bin/cmake -E cmake_link_script CMakeFiles/cmTC_2e52f.dir/link.txt --verbose=1
/usr/bin/cc  -DCMAKE_HAVE_LIBC_PTHREAD    -rdynamic CMakeFiles/cmTC_2e52f.dir/src.c.o  -o cmTC_2e52f 
CMakeFiles/cmTC_2e52f.dir/src.c.o: In function `main':
src.c:(.text+0x3e): undefined reference to `pthread_create'
src.c:(.text+0x4a): undefined reference to `pthread_detach'
src.c:(.text+0x56): undefined reference to `pthread_cancel'
src.c:(.text+0x67): undefined reference to `pthread_join'
src.c:(.text+0x7b): undefined reference to `pthread_atfork'
collect2: error: ld returned 1 exit status
CMakeFiles/cmTC_2e52f.dir/build.make:106: recipe for target 'cmTC_2e52f' failed
make[3]: *** [cmTC_2e52f] Error 1
make[3]: Leaving directory '/home/specimen49/illixr/ILLIXR_zed_pr/ILLIXR/zed/zed-opencv/cpp/build/CMakeFiles/CMakeTmp'
Makefile:141: recipe for target 'cmTC_2e52f/fast' failed
make[2]: *** [cmTC_2e52f/fast] Error 2
make[2]: Leaving directory '/home/specimen49/illixr/ILLIXR_zed_pr/ILLIXR/zed/zed-opencv/cpp/build/CMakeFiles/CMakeTmp'


Source file was:
#include <pthread.h>

void* test_func(void* data)
{
  return data;
}

int main(void)
{
  pthread_t thread;
  pthread_create(&thread, NULL, test_func, NULL);
  pthread_detach(thread);
  pthread_cancel(thread);
  pthread_join(thread, NULL);
  pthread_atfork(NULL, NULL, NULL);
  pthread_exit(NULL);

  return 0;
}

Determining if the function pthread_create exists in the pthreads failed with the following output:
Change Dir: /home/specimen49/illixr/ILLIXR_zed_pr/ILLIXR/zed/zed-opencv/cpp/build/CMakeFiles/CMakeTmp

Run Build Command(s):/usr/bin/make cmTC_b956c/fast && make[2]: Entering directory '/home/specimen49/illixr/ILLIXR_zed_pr/ILLIXR/zed/zed-opencv/cpp/build/CMakeFiles/CMakeTmp'
/usr/bin/make  -f CMakeFiles/cmTC_b956c.dir/build.make CMakeFiles/cmTC_b956c.dir/build
make[3]: Entering directory '/home/specimen49/illixr/ILLIXR_zed_pr/ILLIXR/zed/zed-opencv/cpp/build/CMakeFiles/CMakeTmp'
Building C object CMakeFiles/cmTC_b956c.dir/CheckFunctionExists.c.o
/usr/bin/cc   -DCHECK_FUNCTION_EXISTS=pthread_create   -o CMakeFiles/cmTC_b956c.dir/CheckFunctionExists.c.o   -c /usr/share/cmake-3.17/Modules/CheckFunctionExists.c
Linking C executable cmTC_b956c
/usr/bin/cmake -E cmake_link_script CMakeFiles/cmTC_b956c.dir/link.txt --verbose=1
/usr/bin/cc  -DCHECK_FUNCTION_EXISTS=pthread_create    -rdynamic CMakeFiles/cmTC_b956c.dir/CheckFunctionExists.c.o  -o cmTC_b956c  -lpthreads 
/usr/bin/ld: cannot find -lpthreads
collect2: error: ld returned 1 exit status
CMakeFiles/cmTC_b956c.dir/build.make:106: recipe for target 'cmTC_b956c' failed
make[3]: *** [cmTC_b956c] Error 1
make[3]: Leaving directory '/home/specimen49/illixr/ILLIXR_zed_pr/ILLIXR/zed/zed-opencv/cpp/build/CMakeFiles/CMakeTmp'
Makefile:141: recipe for target 'cmTC_b956c/fast' failed
make[2]: *** [cmTC_b956c/fast] Error 2
make[2]: Leaving directory '/home/specimen49/illixr/ILLIXR_zed_pr/ILLIXR/zed/zed-opencv/cpp/build/CMakeFiles/CMakeTmp'



